<?xml version="1.0" encoding="UTF-8"?>
<!-- Generated by org.testng.reporters.JUnitReportReporter -->
<testsuite hostname="LAPTOP-K0TNDTHL" failures="0" tests="1" name="test.loginTest" time="7.693" errors="0" timestamp="14 Dec 2021 04:19:10 GMT" skipped="0">
  <testcase classname="test.loginTest" name="verfiedUsershouldbeabletoLogin" time="7.693"/>
</testsuite> <!-- test.loginTest -->
